fuzzy block data: dirt 2 -> dirt {dirt_type:"normal"} (Value: 0) (RuntimeID: 9533)
fuzzy block data: dirt 3 -> dirt {dirt_type:"coarse"} (Value: 1) (RuntimeID: 9534)
fuzzy block data: dirt 4 -> dirt {dirt_type:"normal"} (Value: 0) (RuntimeID: 9533)
fuzzy block data: dirt 5 -> podzol {} (Value: 0) (RuntimeID: 7938)
fuzzy block data: dirt 6 -> dirt {dirt_type:"normal"} (Value: 0) (RuntimeID: 9533)
fuzzy block data: dirt 7 -> dirt {dirt_type:"normal"} (Value: 0) (RuntimeID: 9533)
fuzzy block data: dirt 8 -> dirt {dirt_type:"normal"} (Value: 0) (RuntimeID: 9533)
fuzzy block data: dirt 9 -> dirt {dirt_type:"normal"} (Value: 0) (RuntimeID: 9533)
fuzzy block data: dirt 10 -> dirt {dirt_type:"normal"} (Value: 0) (RuntimeID: 9533)
fuzzy block data: dirt 11 -> dirt {dirt_type:"normal"} (Value: 0) (RuntimeID: 9533)
fuzzy block data: dirt 12 -> dirt {dirt_type:"normal"} (Value: 0) (RuntimeID: 9533)
fuzzy block data: dirt 13 -> dirt {dirt_type:"normal"} (Value: 0) (RuntimeID: 9533)
fuzzy block data: dirt 14 -> dirt {dirt_type:"normal"} (Value: 0) (RuntimeID: 9533)
fuzzy block data: dirt 15 -> dirt {dirt_type:"normal"} (Value: 0) (RuntimeID: 9533)
fuzzy block data: log 0 -> oak_log {pillar_axis:"x"} (Value: 1) (RuntimeID: 738)
fuzzy block data: log 1 -> oak_log {pillar_axis:"y"} (Value: 0) (RuntimeID: 737)
fuzzy block data: log 2 -> oak_log {pillar_axis:"z"} (Value: 2) (RuntimeID: 739)
fuzzy block data: log 3 -> oak_wood {pillar_axis:"y"} (Value: 0) (RuntimeID: 8591)
fuzzy block data: log 4 -> spruce_log {pillar_axis:"x"} (Value: 1) (RuntimeID: 7066)
fuzzy block data: log 5 -> spruce_log {pillar_axis:"y"} (Value: 0) (RuntimeID: 7065)
fuzzy block data: log 6 -> spruce_log {pillar_axis:"z"} (Value: 2) (RuntimeID: 7067)
fuzzy block data: log 7 -> spruce_wood {pillar_axis:"y"} (Value: 0) (RuntimeID: 13300)
fuzzy block data: log 8 -> birch_log {pillar_axis:"x"} (Value: 1) (RuntimeID: 1800)
fuzzy block data: log 9 -> birch_log {pillar_axis:"y"} (Value: 0) (RuntimeID: 1799)
fuzzy block data: log 10 -> birch_log {pillar_axis:"z"} (Value: 2) (RuntimeID: 1801)
fuzzy block data: log 11 -> birch_wood {pillar_axis:"y"} (Value: 0) (RuntimeID: 1989)
fuzzy block data: log 12 -> jungle_log {pillar_axis:"x"} (Value: 1) (RuntimeID: 636)
fuzzy block data: log 13 -> jungle_log {pillar_axis:"y"} (Value: 0) (RuntimeID: 635)
fuzzy block data: log 14 -> jungle_log {pillar_axis:"z"} (Value: 2) (RuntimeID: 637)
fuzzy block data: log 15 -> jungle_wood {pillar_axis:"y"} (Value: 0) (RuntimeID: 2004)
fuzzy block data: log2 0 -> acacia_log {pillar_axis:"x"} (Value: 1) (RuntimeID: 7159)
fuzzy block data: log2 1 -> acacia_log {pillar_axis:"y"} (Value: 0) (RuntimeID: 7158)
fuzzy block data: log2 2 -> acacia_log {pillar_axis:"z"} (Value: 2) (RuntimeID: 7160)
fuzzy block data: log2 3 -> acacia_wood {pillar_axis:"y"} (Value: 0) (RuntimeID: 12111)
fuzzy block data: log2 4 -> dark_oak_log {pillar_axis:"x"} (Value: 1) (RuntimeID: 4934)
fuzzy block data: log2 5 -> dark_oak_log {pillar_axis:"y"} (Value: 0) (RuntimeID: 4933)
fuzzy block data: log2 6 -> dark_oak_log {pillar_axis:"z"} (Value: 2) (RuntimeID: 4935)
fuzzy block data: log2 7 -> dark_oak_wood {pillar_axis:"y"} (Value: 0) (RuntimeID: 10)
fuzzy block data: log2 8 -> acacia_log {pillar_axis:"y"} (Value: 0) (RuntimeID: 7158)
fuzzy block data: log2 9 -> acacia_log {pillar_axis:"x"} (Value: 1) (RuntimeID: 7159)
fuzzy block data: log2 10 -> acacia_log {pillar_axis:"z"} (Value: 2) (RuntimeID: 7160)
fuzzy block data: log2 11 -> dark_oak_log {pillar_axis:"y"} (Value: 0) (RuntimeID: 4933)
fuzzy block data: log2 12 -> dark_oak_log {pillar_axis:"x"} (Value: 1) (RuntimeID: 4934)
fuzzy block data: log2 13 -> dark_oak_log {pillar_axis:"z"} (Value: 2) (RuntimeID: 4935)
fuzzy block data: log2 14 -> acacia_log {pillar_axis:"x"} (Value: 1) (RuntimeID: 7159)
fuzzy block data: log2 15 -> acacia_log {pillar_axis:"x"} (Value: 1) (RuntimeID: 7159)
fuzzy block data: pistonArmCollision 0 -> piston_arm_collision {facing_direction:3} (Value: 3) (RuntimeID: 72)
fuzzy block data: pistonArmCollision 1 -> sticky_piston_arm_collision {facing_direction:3} (Value: 3) (RuntimeID: 11475)
fuzzy block data: pistonArmCollision 2 -> piston_arm_collision {facing_direction:4} (Value: 4) (RuntimeID: 73)
fuzzy block data: pistonArmCollision 3 -> sticky_piston_arm_collision {facing_direction:4} (Value: 4) (RuntimeID: 11476)
fuzzy block data: pistonArmCollision 4 -> piston_arm_collision {facing_direction:2} (Value: 2) (RuntimeID: 71)
fuzzy block data: pistonArmCollision 5 -> sticky_piston_arm_collision {facing_direction:2} (Value: 2) (RuntimeID: 11474)
fuzzy block data: pistonArmCollision 6 -> piston_arm_collision {facing_direction:5} (Value: 5) (RuntimeID: 74)
fuzzy block data: pistonArmCollision 7 -> sticky_piston_arm_collision {facing_direction:5} (Value: 5) (RuntimeID: 11477)
fuzzy block data: pistonArmCollision 8 -> piston_arm_collision {facing_direction:1} (Value: 1) (RuntimeID: 70)
fuzzy block data: pistonArmCollision 9 -> sticky_piston_arm_collision {facing_direction:1} (Value: 1) (RuntimeID: 11473)
fuzzy block data: pistonArmCollision 10 -> piston_arm_collision {facing_direction:0} (Value: 0) (RuntimeID: 69)
fuzzy block data: pistonArmCollision 11 -> sticky_piston_arm_collision {facing_direction:0} (Value: 0) (RuntimeID: 11472)
fuzzy block data: pistonArmCollision 12 -> piston_arm_collision {facing_direction:0} (Value: 0) (RuntimeID: 69)
fuzzy block data: pistonArmCollision 13 -> piston_arm_collision {facing_direction:1} (Value: 1) (RuntimeID: 70)
fuzzy block data: pistonArmCollision 14 -> piston_arm_collision {facing_direction:2} (Value: 2) (RuntimeID: 71)
fuzzy block data: pistonArmCollision 15 -> piston_arm_collision {facing_direction:3} (Value: 3) (RuntimeID: 72)
fuzzy block data: prismarine 3 -> prismarine {prismarine_block_type:"default"} (Value: 0) (RuntimeID: 11194)
fuzzy block data: prismarine 4 -> prismarine {prismarine_block_type:"dark"} (Value: 1) (RuntimeID: 11195)
fuzzy block data: prismarine 5 -> prismarine {prismarine_block_type:"bricks"} (Value: 2) (RuntimeID: 11196)
fuzzy block data: prismarine 6 -> prismarine {prismarine_block_type:"default"} (Value: 0) (RuntimeID: 11194)
fuzzy block data: prismarine 7 -> prismarine {prismarine_block_type:"default"} (Value: 0) (RuntimeID: 11194)
fuzzy block data: prismarine 8 -> prismarine {prismarine_block_type:"default"} (Value: 0) (RuntimeID: 11194)
fuzzy block data: prismarine 9 -> prismarine {prismarine_block_type:"default"} (Value: 0) (RuntimeID: 11194)
fuzzy block data: prismarine 10 -> prismarine {prismarine_block_type:"default"} (Value: 0) (RuntimeID: 11194)
fuzzy block data: prismarine 11 -> prismarine {prismarine_block_type:"default"} (Value: 0) (RuntimeID: 11194)
fuzzy block data: prismarine 12 -> prismarine {prismarine_block_type:"default"} (Value: 0) (RuntimeID: 11194)
fuzzy block data: prismarine 13 -> prismarine {prismarine_block_type:"default"} (Value: 0) (RuntimeID: 11194)
fuzzy block data: prismarine 14 -> prismarine {prismarine_block_type:"default"} (Value: 0) (RuntimeID: 11194)
fuzzy block data: prismarine 15 -> prismarine {prismarine_block_type:"default"} (Value: 0) (RuntimeID: 11194)
fuzzy block data: quartz_block 12 -> quartz_block {chisel_type:"default",pillar_axis:"x"} (Value: 4) (RuntimeID: 6073)
fuzzy block data: quartz_block 13 -> quartz_block {chisel_type:"default",pillar_axis:"y"} (Value: 0) (RuntimeID: 6069)
fuzzy block data: quartz_block 14 -> quartz_block {chisel_type:"default",pillar_axis:"z"} (Value: 8) (RuntimeID: 6077)
fuzzy block data: quartz_block 15 -> quartz_block {chisel_type:"chiseled",pillar_axis:"x"} (Value: 5) (RuntimeID: 6074)
fuzzy block data: sand 2 -> sand {sand_type:"normal"} (Value: 0) (RuntimeID: 6990)
fuzzy block data: sand 3 -> sand {sand_type:"red"} (Value: 1) (RuntimeID: 6991)
fuzzy block data: sand 4 -> sand {sand_type:"normal"} (Value: 0) (RuntimeID: 6990)
fuzzy block data: sand 5 -> sand {sand_type:"normal"} (Value: 0) (RuntimeID: 6990)
fuzzy block data: sand 6 -> sand {sand_type:"normal"} (Value: 0) (RuntimeID: 6990)
fuzzy block data: sand 7 -> sand {sand_type:"normal"} (Value: 0) (RuntimeID: 6990)
fuzzy block data: sand 8 -> sand {sand_type:"normal"} (Value: 0) (RuntimeID: 6990)
fuzzy block data: sand 9 -> sand {sand_type:"normal"} (Value: 0) (RuntimeID: 6990)
fuzzy block data: sand 10 -> sand {sand_type:"normal"} (Value: 0) (RuntimeID: 6990)
fuzzy block data: sand 11 -> sand {sand_type:"normal"} (Value: 0) (RuntimeID: 6990)
fuzzy block data: sand 12 -> sand {sand_type:"normal"} (Value: 0) (RuntimeID: 6990)
fuzzy block data: sand 13 -> sand {sand_type:"normal"} (Value: 0) (RuntimeID: 6990)
fuzzy block data: sand 14 -> sand {sand_type:"normal"} (Value: 0) (RuntimeID: 6990)
fuzzy block data: sand 15 -> sand {sand_type:"normal"} (Value: 0) (RuntimeID: 6990)
fuzzy block data: skull 6 -> skull {facing_direction:1} (Value: 1) (RuntimeID: 9053)
fuzzy block data: skull 7 -> skull {facing_direction:1} (Value: 1) (RuntimeID: 9053)
fuzzy block data: skull 8 -> skull {facing_direction:2} (Value: 2) (RuntimeID: 9054)
fuzzy block data: skull 9 -> skull {facing_direction:2} (Value: 2) (RuntimeID: 9054)
fuzzy block data: skull 10 -> skull {facing_direction:3} (Value: 3) (RuntimeID: 9055)
fuzzy block data: skull 11 -> skull {facing_direction:3} (Value: 3) (RuntimeID: 9055)
fuzzy block data: skull 12 -> skull {facing_direction:4} (Value: 4) (RuntimeID: 9056)
fuzzy block data: skull 13 -> skull {facing_direction:4} (Value: 4) (RuntimeID: 9056)
fuzzy block data: skull 14 -> skull {facing_direction:5} (Value: 5) (RuntimeID: 9057)
fuzzy block data: skull 15 -> skull {facing_direction:5} (Value: 5) (RuntimeID: 9057)
fuzzy block data: stone 1 -> stone {} (Value: 0) (RuntimeID: 1798)
fuzzy block data: stone 2 -> granite {} (Value: 0) (RuntimeID: 76)
fuzzy block data: stone 3 -> polished_granite {} (Value: 0) (RuntimeID: 1169)
fuzzy block data: stone 4 -> diorite {} (Value: 0) (RuntimeID: 142)
fuzzy block data: stone 5 -> polished_diorite {} (Value: 0) (RuntimeID: 10000)
fuzzy block data: stone 6 -> andesite {} (Value: 0) (RuntimeID: 1796)
fuzzy block data: stone 7 -> polished_andesite {} (Value: 0) (RuntimeID: 13263)
fuzzy block data: stone 8 -> stone {} (Value: 0) (RuntimeID: 1798)
fuzzy block data: stone 9 -> granite {} (Value: 0) (RuntimeID: 76)
fuzzy block data: stone 10 -> polished_granite {} (Value: 0) (RuntimeID: 1169)
fuzzy block data: stone 11 -> diorite {} (Value: 0) (RuntimeID: 142)
fuzzy block data: stone 12 -> polished_diorite {} (Value: 0) (RuntimeID: 10000)
fuzzy block data: stone 13 -> andesite {} (Value: 0) (RuntimeID: 1796)
fuzzy block data: stone 14 -> polished_andesite {} (Value: 0) (RuntimeID: 13263)
fuzzy block data: stone 15 -> stone {} (Value: 0) (RuntimeID: 1798)
fuzzy block data: tallgrass 0 -> short_grass {} (Value: 0) (RuntimeID: 11742)
fuzzy block data: tallgrass 1 -> fern {} (Value: 0) (RuntimeID: 11168)
fuzzy block data: tallgrass 2 -> short_grass {} (Value: 0) (RuntimeID: 11742)
fuzzy block data: tallgrass 3 -> short_grass {} (Value: 0) (RuntimeID: 11742)
fuzzy block data: tallgrass 4 -> fern {} (Value: 0) (RuntimeID: 11168)
fuzzy block data: tallgrass 5 -> fern {} (Value: 0) (RuntimeID: 11168)
fuzzy block data: tallgrass 6 -> deadbush {} (Value: 0) (RuntimeID: 7965)
fuzzy block data: tallgrass 7 -> short_grass {} (Value: 0) (RuntimeID: 11742)
fuzzy block data: tallgrass 8 -> short_grass {} (Value: 0) (RuntimeID: 11742)
fuzzy block data: tallgrass 9 -> short_grass {} (Value: 0) (RuntimeID: 11742)
fuzzy block data: tallgrass 10 -> short_grass {} (Value: 0) (RuntimeID: 11742)
fuzzy block data: tallgrass 11 -> short_grass {} (Value: 0) (RuntimeID: 11742)
fuzzy block data: tallgrass 12 -> short_grass {} (Value: 0) (RuntimeID: 11742)
fuzzy block data: tallgrass 13 -> short_grass {} (Value: 0) (RuntimeID: 11742)
fuzzy block data: tallgrass 14 -> short_grass {} (Value: 0) (RuntimeID: 11742)
fuzzy block data: tallgrass 15 -> short_grass {} (Value: 0) (RuntimeID: 11742)
fuzzy block data: seagrass 3 -> seagrass {sea_grass_type:"default"} (Value: 0) (RuntimeID: 675)
fuzzy block data: seagrass 4 -> seagrass {sea_grass_type:"double_top"} (Value: 1) (RuntimeID: 676)
fuzzy block data: seagrass 5 -> seagrass {sea_grass_type:"double_bot"} (Value: 2) (RuntimeID: 677)
fuzzy block data: seagrass 6 -> seagrass {sea_grass_type:"default"} (Value: 0) (RuntimeID: 675)
fuzzy block data: seagrass 7 -> seagrass {sea_grass_type:"default"} (Value: 0) (RuntimeID: 675)
fuzzy block data: seagrass 8 -> seagrass {sea_grass_type:"default"} (Value: 0) (RuntimeID: 675)
fuzzy block data: seagrass 9 -> seagrass {sea_grass_type:"default"} (Value: 0) (RuntimeID: 675)
fuzzy block data: seagrass 10 -> seagrass {sea_grass_type:"default"} (Value: 0) (RuntimeID: 675)
fuzzy block data: seagrass 11 -> seagrass {sea_grass_type:"default"} (Value: 0) (RuntimeID: 675)
fuzzy block data: seagrass 12 -> seagrass {sea_grass_type:"default"} (Value: 0) (RuntimeID: 675)
fuzzy block data: seagrass 13 -> seagrass {sea_grass_type:"default"} (Value: 0) (RuntimeID: 675)
fuzzy block data: seagrass 14 -> seagrass {sea_grass_type:"default"} (Value: 0) (RuntimeID: 675)
fuzzy block data: seagrass 15 -> seagrass {sea_grass_type:"default"} (Value: 0) (RuntimeID: 675)
fuzzy block data: stripped_acacia_log 3 -> stripped_acacia_log {pillar_axis:"x"} (Value: 1) (RuntimeID: 10054)
fuzzy block data: stripped_acacia_log 4 -> stripped_acacia_log {pillar_axis:"y"} (Value: 0) (RuntimeID: 10053)
fuzzy block data: stripped_acacia_log 5 -> stripped_acacia_log {pillar_axis:"z"} (Value: 2) (RuntimeID: 10055)
fuzzy block data: stripped_acacia_log 6 -> stripped_acacia_wood {pillar_axis:"y"} (Value: 0) (RuntimeID: 724)
fuzzy block data: stripped_acacia_log 7 -> stripped_acacia_log {pillar_axis:"y"} (Value: 0) (RuntimeID: 10053)
fuzzy block data: stripped_acacia_log 8 -> stripped_acacia_log {pillar_axis:"y"} (Value: 0) (RuntimeID: 10053)
fuzzy block data: stripped_acacia_log 9 -> stripped_acacia_log {pillar_axis:"y"} (Value: 0) (RuntimeID: 10053)
fuzzy block data: stripped_acacia_log 10 -> stripped_acacia_log {pillar_axis:"y"} (Value: 0) (RuntimeID: 10053)
fuzzy block data: stripped_acacia_log 11 -> stripped_acacia_log {pillar_axis:"y"} (Value: 0) (RuntimeID: 10053)
fuzzy block data: stripped_acacia_log 12 -> stripped_acacia_log {pillar_axis:"y"} (Value: 0) (RuntimeID: 10053)
fuzzy block data: stripped_acacia_log 13 -> stripped_acacia_log {pillar_axis:"y"} (Value: 0) (RuntimeID: 10053)
fuzzy block data: stripped_acacia_log 14 -> stripped_acacia_log {pillar_axis:"y"} (Value: 0) (RuntimeID: 10053)
fuzzy block data: stripped_acacia_log 15 -> stripped_acacia_log {pillar_axis:"y"} (Value: 0) (RuntimeID: 10053)
fuzzy block data: stripped_birch_log 3 -> stripped_birch_log {pillar_axis:"x"} (Value: 1) (RuntimeID: 10665)
fuzzy block data: stripped_birch_log 4 -> stripped_birch_log {pillar_axis:"y"} (Value: 0) (RuntimeID: 10664)
fuzzy block data: stripped_birch_log 5 -> stripped_birch_log {pillar_axis:"z"} (Value: 2) (RuntimeID: 10666)
fuzzy block data: stripped_birch_log 6 -> stripped_birch_wood {pillar_axis:"y"} (Value: 0) (RuntimeID: 7394)
fuzzy block data: stripped_birch_log 7 -> stripped_birch_log {pillar_axis:"y"} (Value: 0) (RuntimeID: 10664)
fuzzy block data: stripped_birch_log 8 -> stripped_birch_log {pillar_axis:"y"} (Value: 0) (RuntimeID: 10664)
fuzzy block data: stripped_birch_log 9 -> stripped_birch_log {pillar_axis:"y"} (Value: 0) (RuntimeID: 10664)
fuzzy block data: stripped_birch_log 10 -> stripped_birch_log {pillar_axis:"y"} (Value: 0) (RuntimeID: 10664)
fuzzy block data: stripped_birch_log 11 -> stripped_birch_log {pillar_axis:"y"} (Value: 0) (RuntimeID: 10664)
fuzzy block data: stripped_birch_log 12 -> stripped_birch_log {pillar_axis:"y"} (Value: 0) (RuntimeID: 10664)
fuzzy block data: stripped_birch_log 13 -> stripped_birch_log {pillar_axis:"y"} (Value: 0) (RuntimeID: 10664)
fuzzy block data: stripped_birch_log 14 -> stripped_birch_log {pillar_axis:"y"} (Value: 0) (RuntimeID: 10664)
fuzzy block data: stripped_birch_log 15 -> stripped_birch_log {pillar_axis:"y"} (Value: 0) (RuntimeID: 10664)
fuzzy block data: stripped_dark_oak_log 3 -> stripped_dark_oak_log {pillar_axis:"x"} (Value: 1) (RuntimeID: 630)
fuzzy block data: stripped_dark_oak_log 4 -> stripped_dark_oak_log {pillar_axis:"y"} (Value: 0) (RuntimeID: 629)
fuzzy block data: stripped_dark_oak_log 5 -> stripped_dark_oak_log {pillar_axis:"z"} (Value: 2) (RuntimeID: 631)
fuzzy block data: stripped_dark_oak_log 6 -> stripped_dark_oak_wood {pillar_axis:"y"} (Value: 0) (RuntimeID: 8586)
fuzzy block data: stripped_dark_oak_log 7 -> stripped_dark_oak_log {pillar_axis:"y"} (Value: 0) (RuntimeID: 629)
fuzzy block data: stripped_dark_oak_log 8 -> stripped_dark_oak_log {pillar_axis:"y"} (Value: 0) (RuntimeID: 629)
fuzzy block data: stripped_dark_oak_log 9 -> stripped_dark_oak_log {pillar_axis:"y"} (Value: 0) (RuntimeID: 629)
fuzzy block data: stripped_dark_oak_log 10 -> stripped_dark_oak_log {pillar_axis:"y"} (Value: 0) (RuntimeID: 629)
fuzzy block data: stripped_dark_oak_log 11 -> stripped_dark_oak_log {pillar_axis:"y"} (Value: 0) (RuntimeID: 629)
fuzzy block data: stripped_dark_oak_log 12 -> stripped_dark_oak_log {pillar_axis:"y"} (Value: 0) (RuntimeID: 629)
fuzzy block data: stripped_dark_oak_log 13 -> stripped_dark_oak_log {pillar_axis:"y"} (Value: 0) (RuntimeID: 629)
fuzzy block data: stripped_dark_oak_log 14 -> stripped_dark_oak_log {pillar_axis:"y"} (Value: 0) (RuntimeID: 629)
fuzzy block data: stripped_dark_oak_log 15 -> stripped_dark_oak_log {pillar_axis:"y"} (Value: 0) (RuntimeID: 629)
fuzzy block data: stripped_jungle_log 3 -> stripped_jungle_log {pillar_axis:"x"} (Value: 1) (RuntimeID: 1784)
fuzzy block data: stripped_jungle_log 4 -> stripped_jungle_log {pillar_axis:"y"} (Value: 0) (RuntimeID: 1783)
fuzzy block data: stripped_jungle_log 5 -> stripped_jungle_log {pillar_axis:"z"} (Value: 2) (RuntimeID: 1785)
fuzzy block data: stripped_jungle_log 6 -> stripped_jungle_wood {pillar_axis:"y"} (Value: 0) (RuntimeID: 1099)
fuzzy block data: stripped_jungle_log 7 -> stripped_jungle_log {pillar_axis:"y"} (Value: 0) (RuntimeID: 1783)
fuzzy block data: stripped_jungle_log 8 -> stripped_jungle_log {pillar_axis:"y"} (Value: 0) (RuntimeID: 1783)
fuzzy block data: stripped_jungle_log 9 -> stripped_jungle_log {pillar_axis:"y"} (Value: 0) (RuntimeID: 1783)
fuzzy block data: stripped_jungle_log 10 -> stripped_jungle_log {pillar_axis:"y"} (Value: 0) (RuntimeID: 1783)
fuzzy block data: stripped_jungle_log 11 -> stripped_jungle_log {pillar_axis:"y"} (Value: 0) (RuntimeID: 1783)
fuzzy block data: stripped_jungle_log 12 -> stripped_jungle_log {pillar_axis:"y"} (Value: 0) (RuntimeID: 1783)
fuzzy block data: stripped_jungle_log 13 -> stripped_jungle_log {pillar_axis:"y"} (Value: 0) (RuntimeID: 1783)
fuzzy block data: stripped_jungle_log 14 -> stripped_jungle_log {pillar_axis:"y"} (Value: 0) (RuntimeID: 1783)
fuzzy block data: stripped_jungle_log 15 -> stripped_jungle_log {pillar_axis:"y"} (Value: 0) (RuntimeID: 1783)
fuzzy block data: stripped_oak_log 3 -> stripped_oak_log {pillar_axis:"x"} (Value: 1) (RuntimeID: 13259)
fuzzy block data: stripped_oak_log 4 -> stripped_oak_log {pillar_axis:"y"} (Value: 0) (RuntimeID: 13258)
fuzzy block data: stripped_oak_log 5 -> stripped_oak_log {pillar_axis:"z"} (Value: 2) (RuntimeID: 13260)
fuzzy block data: stripped_oak_log 6 -> stripped_oak_wood {pillar_axis:"y"} (Value: 0) (RuntimeID: 8148)
fuzzy block data: stripped_oak_log 7 -> stripped_oak_log {pillar_axis:"y"} (Value: 0) (RuntimeID: 13258)
fuzzy block data: stripped_oak_log 8 -> stripped_oak_log {pillar_axis:"y"} (Value: 0) (RuntimeID: 13258)
fuzzy block data: stripped_oak_log 9 -> stripped_oak_log {pillar_axis:"y"} (Value: 0) (RuntimeID: 13258)
fuzzy block data: stripped_oak_log 10 -> stripped_oak_log {pillar_axis:"y"} (Value: 0) (RuntimeID: 13258)
fuzzy block data: stripped_oak_log 11 -> stripped_oak_log {pillar_axis:"y"} (Value: 0) (RuntimeID: 13258)
fuzzy block data: stripped_oak_log 12 -> stripped_oak_log {pillar_axis:"y"} (Value: 0) (RuntimeID: 13258)
fuzzy block data: stripped_oak_log 13 -> stripped_oak_log {pillar_axis:"y"} (Value: 0) (RuntimeID: 13258)
fuzzy block data: stripped_oak_log 14 -> stripped_oak_log {pillar_axis:"y"} (Value: 0) (RuntimeID: 13258)
fuzzy block data: stripped_oak_log 15 -> stripped_oak_log {pillar_axis:"y"} (Value: 0) (RuntimeID: 13258)
fuzzy block data: stripped_spruce_log 3 -> stripped_spruce_log {pillar_axis:"x"} (Value: 1) (RuntimeID: 11413)
fuzzy block data: stripped_spruce_log 4 -> stripped_spruce_log {pillar_axis:"y"} (Value: 0) (RuntimeID: 11412)
fuzzy block data: stripped_spruce_log 5 -> stripped_spruce_log {pillar_axis:"z"} (Value: 2) (RuntimeID: 11414)
fuzzy block data: stripped_spruce_log 6 -> stripped_spruce_wood {pillar_axis:"y"} (Value: 0) (RuntimeID: 1966)
fuzzy block data: stripped_spruce_log 7 -> stripped_spruce_log {pillar_axis:"y"} (Value: 0) (RuntimeID: 11412)
fuzzy block data: stripped_spruce_log 8 -> stripped_spruce_log {pillar_axis:"y"} (Value: 0) (RuntimeID: 11412)
fuzzy block data: stripped_spruce_log 9 -> stripped_spruce_log {pillar_axis:"y"} (Value: 0) (RuntimeID: 11412)
fuzzy block data: stripped_spruce_log 10 -> stripped_spruce_log {pillar_axis:"y"} (Value: 0) (RuntimeID: 11412)
fuzzy block data: stripped_spruce_log 11 -> stripped_spruce_log {pillar_axis:"y"} (Value: 0) (RuntimeID: 11412)
fuzzy block data: stripped_spruce_log 12 -> stripped_spruce_log {pillar_axis:"y"} (Value: 0) (RuntimeID: 11412)
fuzzy block data: stripped_spruce_log 13 -> stripped_spruce_log {pillar_axis:"y"} (Value: 0) (RuntimeID: 11412)
fuzzy block data: stripped_spruce_log 14 -> stripped_spruce_log {pillar_axis:"y"} (Value: 0) (RuntimeID: 11412)
fuzzy block data: stripped_spruce_log 15 -> stripped_spruce_log {pillar_axis:"y"} (Value: 0) (RuntimeID: 11412)
fuzzy block data: piston_extension 0 -> piston_arm_collision {facing_direction:3} (Value: 3) (RuntimeID: 72)
fuzzy block data: piston_extension 1 -> sticky_piston_arm_collision {facing_direction:3} (Value: 3) (RuntimeID: 11475)
fuzzy block data: piston_extension 2 -> piston_arm_collision {facing_direction:4} (Value: 4) (RuntimeID: 73)
fuzzy block data: piston_extension 3 -> sticky_piston_arm_collision {facing_direction:4} (Value: 4) (RuntimeID: 11476)
fuzzy block data: piston_extension 4 -> piston_arm_collision {facing_direction:2} (Value: 2) (RuntimeID: 71)
fuzzy block data: piston_extension 5 -> sticky_piston_arm_collision {facing_direction:2} (Value: 2) (RuntimeID: 11474)
fuzzy block data: piston_extension 6 -> piston_arm_collision {facing_direction:5} (Value: 5) (RuntimeID: 74)
fuzzy block data: piston_extension 7 -> sticky_piston_arm_collision {facing_direction:5} (Value: 5) (RuntimeID: 11477)
fuzzy block data: piston_extension 8 -> piston_arm_collision {facing_direction:1} (Value: 1) (RuntimeID: 70)
fuzzy block data: piston_extension 9 -> sticky_piston_arm_collision {facing_direction:1} (Value: 1) (RuntimeID: 11473)
fuzzy block data: piston_extension 10 -> piston_arm_collision {facing_direction:0} (Value: 0) (RuntimeID: 69)
fuzzy block data: piston_extension 11 -> sticky_piston_arm_collision {facing_direction:0} (Value: 0) (RuntimeID: 11472)
fuzzy block data: piston_extension 12 -> piston_arm_collision {facing_direction:3} (Value: 3) (RuntimeID: 72)
fuzzy block data: piston_extension 13 -> piston_arm_collision {facing_direction:3} (Value: 3) (RuntimeID: 72)
fuzzy block data: piston_extension 14 -> piston_arm_collision {facing_direction:3} (Value: 3) (RuntimeID: 72)
fuzzy block data: piston_extension 15 -> piston_arm_collision {facing_direction:3} (Value: 3) (RuntimeID: 72)
fuzzy block data: piston_head 0 -> piston_arm_collision {facing_direction:3} (Value: 3) (RuntimeID: 72)
fuzzy block data: piston_head 1 -> sticky_piston_arm_collision {facing_direction:3} (Value: 3) (RuntimeID: 11475)
fuzzy block data: piston_head 2 -> piston_arm_collision {facing_direction:4} (Value: 4) (RuntimeID: 73)
fuzzy block data: piston_head 3 -> sticky_piston_arm_collision {facing_direction:4} (Value: 4) (RuntimeID: 11476)
fuzzy block data: piston_head 4 -> piston_arm_collision {facing_direction:2} (Value: 2) (RuntimeID: 71)
fuzzy block data: piston_head 5 -> sticky_piston_arm_collision {facing_direction:2} (Value: 2) (RuntimeID: 11474)
fuzzy block data: piston_head 6 -> piston_arm_collision {facing_direction:5} (Value: 5) (RuntimeID: 74)
fuzzy block data: piston_head 7 -> sticky_piston_arm_collision {facing_direction:5} (Value: 5) (RuntimeID: 11477)
fuzzy block data: piston_head 8 -> piston_arm_collision {facing_direction:1} (Value: 1) (RuntimeID: 70)
fuzzy block data: piston_head 9 -> sticky_piston_arm_collision {facing_direction:1} (Value: 1) (RuntimeID: 11473)
fuzzy block data: piston_head 10 -> piston_arm_collision {facing_direction:0} (Value: 0) (RuntimeID: 69)
fuzzy block data: piston_head 11 -> sticky_piston_arm_collision {facing_direction:0} (Value: 0) (RuntimeID: 11472)
fuzzy block data: piston_head 12 -> piston_arm_collision {facing_direction:3} (Value: 3) (RuntimeID: 72)
fuzzy block data: piston_head 13 -> sticky_piston_arm_collision {facing_direction:3} (Value: 3) (RuntimeID: 11475)
fuzzy block data: piston_head 14 -> piston_arm_collision {facing_direction:3} (Value: 3) (RuntimeID: 72)
fuzzy block data: piston_head 15 -> sticky_piston_arm_collision {facing_direction:3} (Value: 3) (RuntimeID: 11475)
translated: 42377
ignored: 16061
conflicted: 6989
????????????????????????????????????????????????[minecraft mangrove_propagule_hanging] 0 not found
[minecraft mangrove_propagule_hanging] 1 not found
[minecraft mangrove_propagule_hanging] 2 not found
[minecraft mangrove_propagule_hanging] 3 not found
[minecraft mangrove_propagule_hanging] 4 not found
[minecraft mangrove_propagule_hanging] 5 not found
[minecraft mangrove_propagule_hanging] 6 not found
[minecraft mangrove_propagule_hanging] 7 not found
[minecraft mangrove_propagule_hanging] 8 not found
[minecraft mangrove_propagule_hanging] 9 not found
[minecraft mangrove_propagule_hanging] 10 not found
[minecraft mangrove_propagule_hanging] 11 not found
[minecraft mangrove_propagule_hanging] 12 not found
[minecraft mangrove_propagule_hanging] 13 not found
[minecraft mangrove_propagule_hanging] 14 not found
[minecraft mangrove_propagule_hanging] 15 not found
[minecraft mangrove_propagule_hanging] 16 not found
[minecraft mangrove_propagule_hanging] 17 not found
[minecraft mangrove_propagule_hanging] 18 not found
[minecraft mangrove_propagule_hanging] 19 not found
[minecraft mangrove_propagule_hanging] 20 not found
[minecraft mangrove_propagule_hanging] 21 not found
[minecraft mangrove_propagule_hanging] 22 not found
[minecraft mangrove_propagule_hanging] 23 not found
[minecraft mangrove_propagule_hanging] 24 not found
[minecraft mangrove_propagule_hanging] 25 not found
[minecraft mangrove_propagule_hanging] 26 not found
[minecraft mangrove_propagule_hanging] 27 not found
[minecraft mangrove_propagule_hanging] 28 not found
[minecraft mangrove_propagule_hanging] 29 not found
[minecraft mangrove_propagule_hanging] 30 not found
[minecraft mangrove_propagule_hanging] 31 not found
[minecraft mangrove_propagule_hanging] 32 not found
[minecraft mangrove_propagule_hanging] 33 not found
[minecraft mangrove_propagule_hanging] 34 not found
[minecraft mangrove_propagule_hanging] 35 not found
[minecraft mangrove_propagule_hanging] 36 not found
[minecraft mangrove_propagule_hanging] 37 not found
[minecraft mangrove_propagule_hanging] 38 not found
[minecraft mangrove_propagule_hanging] 39 not found
[minecraft mangrove_propagule_hanging] 40 not found
[minecraft mangrove_propagule_hanging] 41 not found
[minecraft mangrove_propagule_hanging] 42 not found
[minecraft mangrove_propagule_hanging] 43 not found
[minecraft mangrove_propagule_hanging] 44 not found
[minecraft mangrove_propagule_hanging] 45 not found
[minecraft mangrove_propagule_hanging] 46 not found
[minecraft mangrove_propagule_hanging] 47 not found
translated: 63528
ignored: 1899
conflicted: 0
